<?xml version="1.0" encoding="UTF-8"?>
<Site BuildName="(empty)"
	BuildStamp="20230710-0902-Experimental"
	Name="GHz-MECHREV"
	Generator="ctest-3.16.3"
	CompilerName="/usr/bin/g++"
	CompilerVersion="9.4.0"
	OSName="Linux"
	Hostname="GHz-MECHREV"
	OSRelease="5.15.0-75-generic"
	OSVersion="#82~20.04.1-Ubuntu SMP Wed Jun 7 19:37:37 UTC 2023"
	OSPlatform="x86_64"
	Is64Bits="1"
	VendorString="GenuineIntel"
	VendorID="Intel Corporation"
	FamilyID="6"
	ModelID="154"
	ProcessorCacheSize="24576"
	NumberOfLogicalCPU="20"
	NumberOfPhysicalCPU="14"
	TotalVirtualMemory="2047"
	TotalPhysicalMemory="31834"
	LogicalProcessorsPerPhysical="1"
	ProcessorClockFrequency="1129.9"
	>
	<Testing>
		<StartDateTime>Jul 10 17:03 CST</StartDateTime>
		<StartTestTime>1688979797</StartTestTime>
		<TestList/>
		<EndDateTime>Jul 10 17:03 CST</EndDateTime>
		<EndTestTime>1688979797</EndTestTime>
		<ElapsedMinutes>0</ElapsedMinutes>
	</Testing>
</Site>
